#
# There is insufficient memory for the Java Runtime Environment to continue.
# Native memory allocation (malloc) failed to allocate 845856 bytes for Chunk::new
# Possible reasons:
#   The system is out of physical RAM or swap space
#   In 32 bit mode, the process size limit was hit
# Possible solutions:
#   Reduce memory load on the system
#   Increase physical memory or swap space
#   Check if swap backing store is full
#   Use 64 bit Java on a 64 bit OS
#   Decrease Java heap size (-Xmx/-Xms)
#   Decrease number of Java threads
#   Decrease Java thread stack sizes (-Xss)
#   Set larger code cache with -XX:ReservedCodeCacheSize=
# This output file may be truncated or incomplete.
#
#  Out of Memory Error (allocation.cpp:390), pid=7856, tid=3112
#
# JRE version: Java(TM) SE Runtime Environment (8.0_60-b27) (build 1.8.0_60-b27)
# Java VM: Java HotSpot(TM) 64-Bit Server VM (25.60-b23 mixed mode windows-amd64 compressed oops)
# Failed to write core dump. Minidumps are not enabled by default on client versions of Windows
#

---------------  T H R E A D  ---------------

Current thread (0x000000001571d000):  JavaThread "C2 CompilerThread0" daemon [_thread_in_native, id=3112, stack(0x0000000016d60000,0x0000000016e60000)]

Stack: [0x0000000016d60000,0x0000000016e60000]
[error occurred during error reporting (printing stack bounds), id 0xc0000005]

Native frames: (J=compiled Java code, j=interpreted, Vv=VM code, C=native code)


Current CompileTask:
C2:   1918  898   !   4       com.android.dx.cf.code.BytecodeArray::parseInstruction (2764 bytes)


---------------  P R O C E S S  ---------------

Java Threads: ( => current thread )
  0x00000000172bc800 JavaThread "pool-1-thread-4" [_thread_blocked, id=11000, stack(0x0000000017a60000,0x0000000017b60000)]
  0x00000000172bd000 JavaThread "pool-1-thread-3" [_thread_in_Java, id=2356, stack(0x0000000017960000,0x0000000017a60000)]
  0x0000000017203000 JavaThread "pool-1-thread-2" [_thread_in_Java, id=1820, stack(0x0000000017860000,0x0000000017960000)]
  0x00000000171e9000 JavaThread "pool-2-thread-1" [_thread_blocked, id=5636, stack(0x0000000017760000,0x0000000017860000)]
  0x00000000171e8000 JavaThread "pool-1-thread-1" [_thread_blocked, id=3600, stack(0x0000000017660000,0x0000000017760000)]
  0x000000001708f000 JavaThread "Service Thread" daemon [_thread_blocked, id=1300, stack(0x0000000017460000,0x0000000017560000)]
  0x0000000015728000 JavaThread "C1 CompilerThread2" daemon [_thread_blocked, id=10896, stack(0x0000000016f60000,0x0000000017060000)]
  0x0000000015722000 JavaThread "C2 CompilerThread1" daemon [_thread_in_native, id=10600, stack(0x0000000016e60000,0x0000000016f60000)]
=>0x000000001571d000 JavaThread "C2 CompilerThread0" daemon [_thread_in_native, id=3112, stack(0x0000000016d60000,0x0000000016e60000)]
  0x000000001571b000 JavaThread "Attach Listener" daemon [_thread_blocked, id=9748, stack(0x0000000016c60000,0x0000000016d60000)]
  0x000000001571a000 JavaThread "Signal Dispatcher" daemon [_thread_blocked, id=9100, stack(0x0000000016b60000,0x0000000016c60000)]
  0x0000000003049800 JavaThread "Finalizer" daemon [_thread_blocked, id=8324, stack(0x0000000016980000,0x0000000016a80000)]
  0x00000000156e9800 JavaThread "Reference Handler" daemon [_thread_blocked, id=9760, stack(0x0000000016880000,0x0000000016980000)]
  0x0000000002dcd800 JavaThread "main" [_thread_in_native, id=10948, stack(0x0000000002e50000,0x0000000002f50000)]

Other Threads:
  0x00000000156e8000 VMThread [stack: 0x0000000016780000,0x0000000016880000] [id=1596]
  0x00000000170ab000 WatcherThread [stack: 0x0000000017560000,0x0000000017660000] [id=9332]

VM state:not at safepoint (normal execution)

VM Mutex/Monitor currently owned by a thread: None

Heap:
 PSYoungGen      total 38400K, used 20903K [0x00000000eab00000, 0x00000000ed580000, 0x0000000100000000)
  eden space 33280K, 62% used [0x00000000eab00000,0x00000000ebf69fb8,0x00000000ecb80000)
  from space 5120K, 0% used [0x00000000ed080000,0x00000000ed080000,0x00000000ed580000)
  to   space 5120K, 0% used [0x00000000ecb80000,0x00000000ecb80000,0x00000000ed080000)
 ParOldGen       total 87552K, used 0K [0x00000000c0000000, 0x00000000c5580000, 0x00000000eab00000)
  object space 87552K, 0% used [0x00000000c0000000,0x00000000c0000000,0x00000000c5580000)
 Metaspace       used 5530K, capacity 6768K, committed 7040K, reserved 1056768K
  class space    used 572K, capacity 616K, committed 640K, reserved 1048576K

Card table byte_map: [0x0000000012410000,0x0000000012620000] byte_map_base: 0x0000000011e10000

Marking Bits: (ParMarkBitMap*) 0x000000005826a5b0
 Begin Bits: [0x0000000012b80000, 0x0000000013b80000)
 End Bits:   [0x0000000013b80000, 0x0000000014b80000)

Polling page: 0x0000000001700000

CodeCache: size=245760Kb used=3738Kb max_used=3738Kb free=242021Kb
 bounds [0x0000000003050000, 0x0000000003400000, 0x0000000012050000]
 total_blobs=1196 nmethods=935 adapters=174
 compilation: enabled

Compilation events (10 events):
Event: 1.912 Thread 0x0000000015728000 nmethod 926 0x00000000033f8950 code [0x00000000033f8bc0, 0x00000000033f9d58]
Event: 1.912 Thread 0x0000000015728000  931       3       java.util.ArrayList::remove (77 bytes)
Event: 1.913 Thread 0x0000000015728000 nmethod 931 0x00000000033ee010 code [0x00000000033ee1c0, 0x00000000033ee708]
Event: 1.913 Thread 0x0000000015728000  933       1       java.util.TreeMap$Entry::getValue (5 bytes)
Event: 1.914 Thread 0x0000000015728000 nmethod 933 0x00000000033edd50 code [0x00000000033edea0, 0x00000000033edfb0]
Event: 1.914 Thread 0x0000000015728000  932       3       java.util.ArrayList::fastRemove (57 bytes)
Event: 1.915 Thread 0x0000000015728000 nmethod 932 0x00000000033ed650 code [0x00000000033ed7c0, 0x00000000033edba8]
Event: 1.915 Thread 0x0000000015728000  930       3       com.android.dx.ssa.PhiInsn::accept (8 bytes)
Event: 1.915 Thread 0x0000000015728000 nmethod 930 0x00000000033eff50 code [0x00000000033f00c0, 0x00000000033f02e8]
Event: 1.915 Thread 0x0000000015728000  924       3       com.android.dx.util.BitIntSet$1::next (42 bytes)

GC Heap History (0 events):
No events

Deoptimization events (10 events):
Event: 0.923 Thread 0x0000000002dcd800 Uncommon trap: reason=speculate_class_check action=maybe_recompile pc=0x00000000031d25b0 method=com.android.dx.rop.cst.Constant.compareTo(Lcom/android/dx/rop/cst/Constant;)I @ 29
Event: 0.923 Thread 0x0000000002dcd800 Uncommon trap: reason=speculate_class_check action=maybe_recompile pc=0x00000000031d25b0 method=com.android.dx.rop.cst.Constant.compareTo(Lcom/android/dx/rop/cst/Constant;)I @ 29
Event: 0.924 Thread 0x0000000002dcd800 Uncommon trap: reason=speculate_class_check action=maybe_recompile pc=0x00000000031d25b0 method=com.android.dx.rop.cst.Constant.compareTo(Lcom/android/dx/rop/cst/Constant;)I @ 29
Event: 1.251 Thread 0x0000000017203000 Uncommon trap: reason=unstable_if action=reinterpret pc=0x000000000328a608 method=java.util.HashMap.getNode(ILjava/lang/Object;)Ljava/util/HashMap$Node; @ 62
Event: 1.297 Thread 0x0000000017203000 Uncommon trap: reason=unstable_if action=reinterpret pc=0x0000000003251b54 method=com.android.dx.rop.cst.CstFieldRef.compareTo0(Lcom/android/dx/rop/cst/Constant;)I @ 7
Event: 1.297 Thread 0x0000000017203000 Uncommon trap: reason=unstable_if action=reinterpret pc=0x000000000322df18 method=com.android.dx.rop.cst.CstFieldRef.compareTo0(Lcom/android/dx/rop/cst/Constant;)I @ 7
Event: 1.297 Thread 0x0000000017203000 Uncommon trap: reason=unstable_if action=reinterpret pc=0x00000000031c8e78 method=com.android.dx.rop.cst.CstFieldRef.compareTo0(Lcom/android/dx/rop/cst/Constant;)I @ 7
Event: 1.405 Thread 0x0000000002dcd800 Uncommon trap: reason=unstable_if action=reinterpret pc=0x00000000032038d0 method=java.lang.String.<init>([CII)V @ 18
Event: 1.559 Thread 0x0000000002dcd800 Uncommon trap: reason=unloaded action=reinterpret pc=0x00000000033322a0 method=com.android.dx.cf.cst.ConstantPoolParser.parse0(ILjava/util/BitSet;)Lcom/android/dx/rop/cst/Constant; @ 475
Event: 1.560 Thread 0x0000000002dcd800 Uncommon trap: reason=unstable_if action=reinterpret pc=0x00000000032ca7b8 method=com.android.dx.rop.cst.StdConstantPool.set(ILcom/android/dx/rop/cst/Constant;)V @ 12

Internal exceptions (2 events):
Event: 0.094 Thread 0x0000000002dcd800 Exception <a 'java/lang/NoSuchMethodError': Method sun.misc.Unsafe.defineClass(Ljava/lang/String;[BII)Ljava/lang/Class; name or signature does not match> (0x00000000eab0d848) thrown at [C:\re\workspace\8-2-build-windows-amd64-cygwin\jdk8u60\4407\hotspot\sr(Ãæ´¸?
Event: 0.094 Thread 0x0000000002dcd800 Exception <a 'java/lang/NoSuchMethodError': Method sun.misc.Unsafe.prefetchRead(Ljava/lang/Object;J)V name or signature does not match> (0x00000000eab0db30) thrown at [C:\re\workspace\8-2-build-windows-amd64-cygwin\jdk8u60\4407\hotspot\src\share\vm\prims\j

Events (10 events):
Event: 1.645 loading class com/android/dx/cf/code/Ropper$ExceptionHandlerSetup
Event: 1.645 loading class com/android/dx/cf/code/Ropper$ExceptionHandlerSetup done
Event: 1.652 loading class java/util/HashMap$Values
Event: 1.653 loading class java/util/HashMap$Values done
Event: 1.653 loading class java/util/HashMap$ValueIterator
Event: 1.653 loading class java/util/HashMap$ValueIterator done
Event: 1.685 Executing VM operation: ForceSafepoint
Event: 1.686 Executing VM operation: ForceSafepoint done
Event: 1.687 loading class com/android/dx/ssa/back/FirstFitLocalCombiningAllocator$Multiset
Event: 1.687 loading class com/android/dx/ssa/back/FirstFitLocalCombiningAllocator$Multiset done


Dynamic libraries:
0x00007ff62f410000 - 0x00007ff62f447000 	C:\Program Files\Java\jdk1.8.0_60\bin\java.exe
0x00007ffb5bb60000 - 0x00007ffb5bd21000 	C:\WINDOWS\SYSTEM32\ntdll.dll
0x00007ffb5b5c0000 - 0x00007ffb5b66d000 	C:\WINDOWS\system32\KERNEL32.DLL
0x00007ffb58e90000 - 0x00007ffb5906d000 	C:\WINDOWS\system32\KERNELBASE.dll
0x00007ffb59580000 - 0x00007ffb59626000 	C:\WINDOWS\system32\ADVAPI32.dll
0x00007ffb5b320000 - 0x00007ffb5b3bd000 	C:\WINDOWS\system32\msvcrt.dll
0x00007ffb5b9b0000 - 0x00007ffb5ba0b000 	C:\WINDOWS\system32\sechost.dll
0x00007ffb59690000 - 0x00007ffb597b6000 	C:\WINDOWS\system32\RPCRT4.dll
0x00007ffb5b020000 - 0x00007ffb5b16e000 	C:\WINDOWS\system32\USER32.dll
0x00007ffb5ad30000 - 0x00007ffb5aeb6000 	C:\WINDOWS\system32\GDI32.dll
0x00007ffb4d3a0000 - 0x00007ffb4d614000 	C:\WINDOWS\WinSxS\amd64_microsoft.windows.common-controls_6595b64144ccf1df_6.0.10240.16384_none_f41f7b285750ef43\COMCTL32.dll
0x00007ffb597c0000 - 0x00007ffb597f6000 	C:\WINDOWS\system32\IMM32.DLL
0x00007ffb5aec0000 - 0x00007ffb5b01c000 	C:\WINDOWS\system32\MSCTF.dll
0x0000000057500000 - 0x00000000575d2000 	C:\Program Files\Java\jdk1.8.0_60\jre\bin\msvcr100.dll
0x0000000057a60000 - 0x00000000582e9000 	C:\Program Files\Java\jdk1.8.0_60\jre\bin\server\jvm.dll
0x00007ffb5b5b0000 - 0x00007ffb5b5b8000 	C:\WINDOWS\system32\PSAPI.DLL
0x00007ffb53b70000 - 0x00007ffb53b79000 	C:\WINDOWS\SYSTEM32\WSOCK32.dll
0x00007ffb4c700000 - 0x00007ffb4c70a000 	C:\WINDOWS\SYSTEM32\VERSION.dll
0x00007ffb568f0000 - 0x00007ffb56913000 	C:\WINDOWS\SYSTEM32\WINMM.dll
0x00007ffb5ba10000 - 0x00007ffb5ba79000 	C:\WINDOWS\system32\WS2_32.dll
0x00007ffb56710000 - 0x00007ffb5673c000 	C:\WINDOWS\SYSTEM32\WINMMBASE.dll
0x00007ffb59570000 - 0x00007ffb59578000 	C:\WINDOWS\system32\NSI.dll
0x00007ffb59130000 - 0x00007ffb59174000 	C:\WINDOWS\system32\cfgmgr32.dll
0x00007ffb56f00000 - 0x00007ffb56f27000 	C:\WINDOWS\SYSTEM32\DEVOBJ.dll
0x0000000057970000 - 0x000000005797f000 	C:\Program Files\Java\jdk1.8.0_60\jre\bin\verify.dll
0x0000000057940000 - 0x0000000057969000 	C:\Program Files\Java\jdk1.8.0_60\jre\bin\java.dll
0x0000000057920000 - 0x0000000057936000 	C:\Program Files\Java\jdk1.8.0_60\jre\bin\zip.dll
0x00007ffb59800000 - 0x00007ffb5ad22000 	C:\WINDOWS\system32\SHELL32.dll
0x00007ffb58690000 - 0x00007ffb58cb8000 	C:\WINDOWS\system32\windows.storage.dll
0x00007ffb59230000 - 0x00007ffb594ac000 	C:\WINDOWS\system32\combase.dll
0x00007ffb5b3c0000 - 0x00007ffb5b411000 	C:\WINDOWS\system32\shlwapi.dll
0x00007ffb58620000 - 0x00007ffb5862f000 	C:\WINDOWS\system32\kernel.appcore.dll
0x00007ffb59070000 - 0x00007ffb59123000 	C:\WINDOWS\system32\shcore.dll
0x00007ffb58590000 - 0x00007ffb585da000 	C:\WINDOWS\system32\powrprof.dll
0x00007ffb585e0000 - 0x00007ffb585f3000 	C:\WINDOWS\system32\profapi.dll

VM Arguments:
jvm_args: -Xmx1024M -Dfile.encoding=windows-1252 -Duser.country=US -Duser.language=en -Duser.variant 
java_command: com.android.dx.command.Main --dex --num-threads=4 --output C:\Users\Elkana\Talya\Cellfish\Cellfish\app\build\intermediates\dex\debug C:\Users\Elkana\Talya\Cellfish\Cellfish\app\build\intermediates\classes\debug C:\Users\Elkana\Talya\Cellfish\Cellfish\app\build\intermediates\pre-dexed\debug\support-annotations-23.0.1-7b6a88078f2e51582d49e71767d77fbd4b79f982.jar C:\Users\Elkana\Talya\Cellfish\Cellfish\app\build\intermediates\pre-dexed\debug\classes-25a5c319991501d1ab23063e96ee8d0f4af12d2e.jar C:\Users\Elkana\Talya\Cellfish\Cellfish\app\build\intermediates\pre-dexed\debug\internal_impl-23.0.1-b2d098598fd99f8f221033ac0e23ce438c1767ba.jar C:\Users\Elkana\Talya\Cellfish\Cellfish\app\build\intermediates\pre-dexed\debug\classes-b214ff615988946575b802c55e036533b6fd5049.jar C:\Users\Elkana\Talya\Cellfish\Cellfish\app\build\intermediates\pre-dexed\debug\classes-b35cc98ea6718e2165658b97db67aee674b32988.jar
java_class_path (initial): C:\Users\Elkana\AppData\Local\Android\sdk\build-tools\23.0.1\lib\dx.jar
Launcher Type: SUN_STANDARD

Environment Variables:
PATH=C:\ProgramData\Oracle\Java\javapath;C:\Program Files (x86)\Intel\iCLS Client\;C:\Program Files\Intel\iCLS Client\;C:\WINDOWS\system32;C:\WINDOWS;C:\WINDOWS\System32\Wbem;C:\WINDOWS\System32\WindowsPowerShell\v1.0\;C:\Program Files\Intel\WiFi\bin\;C:\Program Files\Common Files\Intel\WirelessCommon\;C:\Program Files\Intel\Intel(R) Management Engine Components\DAL;C:\Program Files (x86)\Intel\Intel(R) Management Engine Components\DAL;C:\Program Files\Intel\Intel(R) Management Engine Components\IPT;C:\Program Files (x86)\Intel\Intel(R) Management Engine Components\IPT;C:\Anaconda;C:\Anaconda\Scripts;C:\Program Files\Intel\WiFi\bin\;C:\Program Files\Common Files\Intel\WirelessCommon\
USERNAME=Elkana
OS=Windows_NT
PROCESSOR_IDENTIFIER=Intel64 Family 6 Model 61 Stepping 4, GenuineIntel



---------------  S Y S T E M  ---------------

OS: Windows 10.0 , 64 bit Build 10240 (10.0.10240.16384)

CPU:total 4 (2 cores per cpu, 2 threads per core) family 6 model 61 stepping 4, cmov, cx8, fxsr, mmx, sse, sse2, sse3, ssse3, sse4.1, sse4.2, popcnt, avx, avx2, aes, clmul, erms, 3dnowpref, lzcnt, ht, tsc, tscinvbit, bmi1, bmi2, adx

Memory: 4k page, physical 8291096k(1340180k free), swap 10244888k(5384k free)

vm_info: Java HotSpot(TM) 64-Bit Server VM (25.60-b23) for windows-amd64 JRE (1.8.0_60-b27), built on Aug  4 2015 11:06:27 by "java_re" with MS VC++ 10.0 (VS2010)

time: Thu Nov 19 09:59:57 2015
elapsed time: 1 seconds (0d 0h 0m 1s)

