#
# There is insufficient memory for the Java Runtime Environment to continue.
# Native memory allocation (malloc) failed to allocate 1506656 bytes for Chunk::new
# Possible reasons:
#   The system is out of physical RAM or swap space
#   In 32 bit mode, the process size limit was hit
# Possible solutions:
#   Reduce memory load on the system
#   Increase physical memory or swap space
#   Check if swap backing store is full
#   Use 64 bit Java on a 64 bit OS
#   Decrease Java heap size (-Xmx/-Xms)
#   Decrease number of Java threads
#   Decrease Java thread stack sizes (-Xss)
#   Set larger code cache with -XX:ReservedCodeCacheSize=
# This output file may be truncated or incomplete.
#
#  Out of Memory Error (allocation.cpp:390), pid=8044, tid=980
#
# JRE version: Java(TM) SE Runtime Environment (8.0_60-b27) (build 1.8.0_60-b27)
# Java VM: Java HotSpot(TM) 64-Bit Server VM (25.60-b23 mixed mode windows-amd64 compressed oops)
# Failed to write core dump. Minidumps are not enabled by default on client versions of Windows
#

---------------  T H R E A D  ---------------

Current thread (0x0000000014760000):  JavaThread "C2 CompilerThread1" daemon [_thread_in_native, id=980, stack(0x0000000015e90000,0x0000000015f90000)]

Stack: [0x0000000015e90000,0x0000000015f90000]
[error occurred during error reporting (printing stack bounds), id 0xc0000005]

Native frames: (J=compiled Java code, j=interpreted, Vv=VM code, C=native code)


Current CompileTask:
C2:  31440 1816       4       com.android.dx.cf.code.Simulator$SimVisitor::visitConstant (332 bytes)


---------------  P R O C E S S  ---------------

Java Threads: ( => current thread )
  0x0000000016317800 JavaThread "pool-1-thread-4" [_thread_in_Java, id=7092, stack(0x0000000016a90000,0x0000000016b90000)]
  0x0000000016317000 JavaThread "pool-1-thread-3" [_thread_in_Java, id=9548, stack(0x0000000016990000,0x0000000016a90000)]
  0x0000000016314800 JavaThread "pool-1-thread-2" [_thread_in_Java, id=9152, stack(0x0000000016890000,0x0000000016990000)]
  0x0000000016312000 JavaThread "pool-2-thread-1" [_thread_blocked, id=4328, stack(0x0000000016790000,0x0000000016890000)]
  0x0000000016308800 JavaThread "pool-1-thread-1" [_thread_in_Java, id=7648, stack(0x0000000016690000,0x0000000016790000)]
  0x0000000016096800 JavaThread "Service Thread" daemon [_thread_blocked, id=3624, stack(0x0000000016490000,0x0000000016590000)]
  0x00000000147b8800 JavaThread "C1 CompilerThread2" daemon [_thread_blocked, id=6628, stack(0x0000000015f90000,0x0000000016090000)]
=>0x0000000014760000 JavaThread "C2 CompilerThread1" daemon [_thread_in_native, id=980, stack(0x0000000015e90000,0x0000000015f90000)]
  0x0000000014759800 JavaThread "C2 CompilerThread0" daemon [_thread_in_native, id=8116, stack(0x0000000015d90000,0x0000000015e90000)]
  0x0000000014757800 JavaThread "Attach Listener" daemon [_thread_blocked, id=10576, stack(0x0000000015c90000,0x0000000015d90000)]
  0x0000000014756000 JavaThread "Signal Dispatcher" daemon [_thread_blocked, id=220, stack(0x0000000015b90000,0x0000000015c90000)]
  0x0000000002081800 JavaThread "Finalizer" daemon [_thread_blocked, id=7020, stack(0x00000000159b0000,0x0000000015ab0000)]
  0x000000000207e800 JavaThread "Reference Handler" daemon [_thread_blocked, id=5768, stack(0x00000000158b0000,0x00000000159b0000)]
  0x0000000001f90800 JavaThread "main" [_thread_in_Java, id=7308, stack(0x0000000001e90000,0x0000000001f90000)]

Other Threads:
  0x0000000014726800 VMThread [stack: 0x00000000157b0000,0x00000000158b0000] [id=1664]
  0x00000000160ab000 WatcherThread [stack: 0x0000000016590000,0x0000000016690000] [id=2580]

VM state:not at safepoint (normal execution)

VM Mutex/Monitor currently owned by a thread: None

Heap:
 PSYoungGen      total 71680K, used 15691K [0x00000000eab00000, 0x00000000f3700000, 0x0000000100000000)
  eden space 66560K, 15% used [0x00000000eab00000,0x00000000eb55a148,0x00000000eec00000)
  from space 5120K, 99% used [0x00000000eec00000,0x00000000ef0f8ea8,0x00000000ef100000)
  to   space 5120K, 0% used [0x00000000f3200000,0x00000000f3200000,0x00000000f3700000)
 ParOldGen       total 87552K, used 16268K [0x00000000c0000000, 0x00000000c5580000, 0x00000000eab00000)
  object space 87552K, 18% used [0x00000000c0000000,0x00000000c0fe30d8,0x00000000c5580000)
 Metaspace       used 6259K, capacity 7192K, committed 7424K, reserved 1056768K
  class space    used 616K, capacity 656K, committed 768K, reserved 1048576K

Card table byte_map: [0x0000000011450000,0x0000000011660000] byte_map_base: 0x0000000010e50000

Marking Bits: (ParMarkBitMap*) 0x000000005826a5b0
 Begin Bits: [0x0000000011bc0000, 0x0000000012bc0000)
 End Bits:   [0x0000000012bc0000, 0x0000000013bc0000)

Polling page: 0x0000000001d70000

CodeCache: size=245760Kb used=8722Kb max_used=8722Kb free=237037Kb
 bounds [0x0000000002090000, 0x0000000002920000, 0x0000000011090000]
 total_blobs=2046 nmethods=1777 adapters=182
 compilation: enabled

Compilation events (10 events):
Event: 31.399 Thread 0x00000000147b8800 1848       2       com.android.dx.rop.cst.CstLiteral32::getLongBits (6 bytes)
Event: 31.399 Thread 0x00000000147b8800 nmethod 1848 0x00000000028c61d0 code [0x00000000028c6320, 0x00000000028c6470]
Event: 31.404 Thread 0x00000000147b8800 1853       3       com.android.dx.dex.cf.CfTranslator::translate0 (259 bytes)
Event: 31.414 Thread 0x00000000147b8800 nmethod 1853 0x0000000002914d50 code [0x00000000029151e0, 0x00000000029180b8]
Event: 31.417 Thread 0x00000000147b8800 1855       2       java.io.FilterInputStream::available (8 bytes)
Event: 31.417 Thread 0x00000000147b8800 nmethod 1855 0x00000000028c5e50 code [0x00000000028c5fc0, 0x00000000028c6148]
Event: 31.417 Thread 0x00000000147b8800 1856       2       com.android.dx.util.ByteArray$MyInputStream::available (13 bytes)
Event: 31.418 Thread 0x00000000147b8800 nmethod 1856 0x00000000028c5b10 code [0x00000000028c5c60, 0x00000000028c5db0]
Event: 31.422 Thread 0x00000000147b8800 1857       2       com.android.dx.ssa.SsaConverter::edgeSplitMoveExceptionsAndResults (157 bytes)
Event: 31.426 Thread 0x00000000147b8800 nmethod 1857 0x0000000002919ed0 code [0x000000000291a160, 0x000000000291aa68]

GC Heap History (6 events):
Event: 7.667 GC heap before
{Heap before GC invocations=1 (full 0):
 PSYoungGen      total 38400K, used 33280K [0x00000000eab00000, 0x00000000ed580000, 0x0000000100000000)
  eden space 33280K, 100% used [0x00000000eab00000,0x00000000ecb80000,0x00000000ecb80000)
  from space 5120K, 0% used [0x00000000ed080000,0x00000000ed080000,0x00000000ed580000)
  to   space 5120K, 0% used [0x00000000ecb80000,0x00000000ecb80000,0x00000000ed080000)
 ParOldGen       total 87552K, used 0K [0x00000000c0000000, 0x00000000c5580000, 0x00000000eab00000)
  object space 87552K, 0% used [0x00000000c0000000,0x00000000c0000000,0x00000000c5580000)
 Metaspace       used 5943K, capacity 6960K, committed 7040K, reserved 1056768K
  class space    used 594K, capacity 616K, committed 640K, reserved 1048576K
Event: 8.920 GC heap after
Heap after GC invocations=1 (full 0):
 PSYoungGen      total 38400K, used 5111K [0x00000000eab00000, 0x00000000ef600000, 0x0000000100000000)
  eden space 33280K, 0% used [0x00000000eab00000,0x00000000eab00000,0x00000000ecb80000)
  from space 5120K, 99% used [0x00000000ecb80000,0x00000000ed07de08,0x00000000ed080000)
  to   space 5120K, 0% used [0x00000000ef100000,0x00000000ef100000,0x00000000ef600000)
 ParOldGen       total 87552K, used 2030K [0x00000000c0000000, 0x00000000c5580000, 0x00000000eab00000)
  object space 87552K, 2% used [0x00000000c0000000,0x00000000c01fb9d8,0x00000000c5580000)
 Metaspace       used 5943K, capacity 6960K, committed 7040K, reserved 1056768K
  class space    used 594K, capacity 616K, committed 640K, reserved 1048576K
}
Event: 17.293 GC heap before
{Heap before GC invocations=2 (full 0):
 PSYoungGen      total 38400K, used 38391K [0x00000000eab00000, 0x00000000ef600000, 0x0000000100000000)
  eden space 33280K, 100% used [0x00000000eab00000,0x00000000ecb80000,0x00000000ecb80000)
  from space 5120K, 99% used [0x00000000ecb80000,0x00000000ed07de08,0x00000000ed080000)
  to   space 5120K, 0% used [0x00000000ef100000,0x00000000ef100000,0x00000000ef600000)
 ParOldGen       total 87552K, used 2030K [0x00000000c0000000, 0x00000000c5580000, 0x00000000eab00000)
  object space 87552K, 2% used [0x00000000c0000000,0x00000000c01fb9d8,0x00000000c5580000)
 Metaspace       used 6167K, capacity 7128K, committed 7424K, reserved 1056768K
  class space    used 615K, capacity 656K, committed 768K, reserved 1048576K
Event: 19.090 GC heap after
Heap after GC invocations=2 (full 0):
 PSYoungGen      total 71680K, used 5102K [0x00000000eab00000, 0x00000000ef600000, 0x0000000100000000)
  eden space 66560K, 0% used [0x00000000eab00000,0x00000000eab00000,0x00000000eec00000)
  from space 5120K, 99% used [0x00000000ef100000,0x00000000ef5fb910,0x00000000ef600000)
  to   space 5120K, 0% used [0x00000000eec00000,0x00000000eec00000,0x00000000ef100000)
 ParOldGen       total 87552K, used 6607K [0x00000000c0000000, 0x00000000c5580000, 0x00000000eab00000)
  object space 87552K, 7% used [0x00000000c0000000,0x00000000c0673e78,0x00000000c5580000)
 Metaspace       used 6167K, capacity 7128K, committed 7424K, reserved 1056768K
  class space    used 615K, capacity 656K, committed 768K, reserved 1048576K
}
Event: 30.998 GC heap before
{Heap before GC invocations=3 (full 0):
 PSYoungGen      total 71680K, used 71662K [0x00000000eab00000, 0x00000000ef600000, 0x0000000100000000)
  eden space 66560K, 100% used [0x00000000eab00000,0x00000000eec00000,0x00000000eec00000)
  from space 5120K, 99% used [0x00000000ef100000,0x00000000ef5fb910,0x00000000ef600000)
  to   space 5120K, 0% used [0x00000000eec00000,0x00000000eec00000,0x00000000ef100000)
 ParOldGen       total 87552K, used 6607K [0x00000000c0000000, 0x00000000c5580000, 0x00000000eab00000)
  object space 87552K, 7% used [0x00000000c0000000,0x00000000c0673e78,0x00000000c5580000)
 Metaspace       used 6255K, capacity 7192K, committed 7424K, reserved 1056768K
  class space    used 616K, capacity 656K, committed 768K, reserved 1048576K
Event: 31.307 GC heap after
Heap after GC invocations=3 (full 0):
 PSYoungGen      total 71680K, used 5091K [0x00000000eab00000, 0x00000000f3700000, 0x0000000100000000)
  eden space 66560K, 0% used [0x00000000eab00000,0x00000000eab00000,0x00000000eec00000)
  from space 5120K, 99% used [0x00000000eec00000,0x00000000ef0f8ea8,0x00000000ef100000)
  to   space 5120K, 0% used [0x00000000f3200000,0x00000000f3200000,0x00000000f3700000)
 ParOldGen       total 87552K, used 16268K [0x00000000c0000000, 0x00000000c5580000, 0x00000000eab00000)
  object space 87552K, 18% used [0x00000000c0000000,0x00000000c0fe30d8,0x00000000c5580000)
 Metaspace       used 6255K, capacity 7192K, committed 7424K, reserved 1056768K
  class space    used 616K, capacity 656K, committed 768K, reserved 1048576K
}

Deoptimization events (10 events):
Event: 26.345 Thread 0x0000000016317000 Uncommon trap: reason=class_check action=maybe_recompile pc=0x00000000027ee4a4 method=com.android.dx.cf.code.BytecodeArray.parseInstruction(ILcom/android/dx/cf/code/BytecodeArray$Visitor;)I @ 987
Event: 26.345 Thread 0x0000000016317000 Uncommon trap: reason=class_check action=maybe_recompile pc=0x00000000027ee4a4 method=com.android.dx.cf.code.BytecodeArray.parseInstruction(ILcom/android/dx/cf/code/BytecodeArray$Visitor;)I @ 987
Event: 28.727 Thread 0x0000000016317800 Uncommon trap: reason=class_check action=maybe_recompile pc=0x0000000002871520 method=com.android.dx.cf.code.BytecodeArray.parseInstruction(ILcom/android/dx/cf/code/BytecodeArray$Visitor;)I @ 2002
Event: 29.532 Thread 0x0000000016314800 Uncommon trap: reason=class_check action=maybe_recompile pc=0x0000000002871520 method=com.android.dx.cf.code.BytecodeArray.parseInstruction(ILcom/android/dx/cf/code/BytecodeArray$Visitor;)I @ 2002
Event: 30.731 Thread 0x0000000016314800 Uncommon trap: reason=unstable_if action=reinterpret pc=0x00000000028d013c method=com.android.dx.cf.code.BytecodeArray.parseInstruction(ILcom/android/dx/cf/code/BytecodeArray$Visitor;)I @ 1261
Event: 31.336 Thread 0x0000000016317000 Uncommon trap: reason=unstable_if action=reinterpret pc=0x00000000027cc4a0 method=com.android.dx.rop.code.LocalVariableExtractor.processBlock(I)V @ 195
Event: 31.345 Thread 0x0000000016314800 Uncommon trap: reason=class_check action=maybe_recompile pc=0x00000000027ea104 method=com.android.dx.ssa.back.FirstFitLocalCombiningAllocator.findNextUnreservedRopReg(IILcom/android/dx/ssa/back/FirstFitLocalCombiningAllocator$Alignment;)I @ 60
Event: 31.346 Thread 0x0000000016314800 Uncommon trap: reason=class_check action=maybe_recompile pc=0x00000000027ea104 method=com.android.dx.ssa.back.FirstFitLocalCombiningAllocator.findNextUnreservedRopReg(IILcom/android/dx/ssa/back/FirstFitLocalCombiningAllocator$Alignment;)I @ 60
Event: 31.346 Thread 0x0000000016314800 Uncommon trap: reason=class_check action=maybe_recompile pc=0x00000000027ea104 method=com.android.dx.ssa.back.FirstFitLocalCombiningAllocator.findNextUnreservedRopReg(IILcom/android/dx/ssa/back/FirstFitLocalCombiningAllocator$Alignment;)I @ 60
Event: 31.363 Thread 0x0000000016314800 Uncommon trap: reason=class_check action=maybe_recompile pc=0x00000000027ea104 method=com.android.dx.ssa.back.FirstFitLocalCombiningAllocator.findNextUnreservedRopReg(IILcom/android/dx/ssa/back/FirstFitLocalCombiningAllocator$Alignment;)I @ 60

Internal exceptions (5 events):
Event: 0.139 Thread 0x0000000001f90800 Exception <a 'java/lang/NoSuchMethodError': Method sun.misc.Unsafe.defineClass(Ljava/lang/String;[BII)Ljava/lang/Class; name or signature does not match> (0x00000000eab0d560) thrown at [C:\re\workspace\8-2-build-windows-amd64-cygwin\jdk8u60\4407\hotspot\sr
Event: 0.140 Thread 0x0000000001f90800 Exception <a 'java/lang/NoSuchMethodError': Method sun.misc.Unsafe.prefetchRead(Ljava/lang/Object;J)V name or signature does not match> (0x00000000eab0d848) thrown at [C:\re\workspace\8-2-build-windows-amd64-cygwin\jdk8u60\4407\hotspot\src\share\vm\prims\jGH¿|
Event: 16.002 Thread 0x0000000016317800 Exception <a 'java/lang/ArrayIndexOutOfBoundsException': 18> (0x00000000ec572bf0) thrown at [C:\re\workspace\8-2-build-windows-amd64-cygwin\jdk8u60\4407\hotspot\src\share\vm\interpreter\interpreterRuntime.cpp, line 366]
Event: 16.004 Thread 0x0000000016317800 Exception <a 'java/lang/ArrayIndexOutOfBoundsException'> (0x00000000ec574770) thrown at [C:\re\workspace\8-2-build-windows-amd64-cygwin\jdk8u60\4407\hotspot\src\share\vm\runtime\sharedRuntime.cpp, line 605]
Event: 16.013 Thread 0x0000000016317800 Exception <a 'java/lang/ArrayIndexOutOfBoundsException'> (0x00000000ec575a58) thrown at [C:\re\workspace\8-2-build-windows-amd64-cygwin\jdk8u60\4407\hotspot\src\share\vm\runtime\sharedRuntime.cpp, line 605]

Events (10 events):
Event: 31.346 Thread 0x0000000016314800 DEOPT PACKING pc=0x00000000027ea104 sp=0x000000001698e690
Event: 31.346 Thread 0x0000000016314800 DEOPT UNPACKING pc=0x00000000020d582a sp=0x000000001698e638 mode 2
Event: 31.346 Thread 0x0000000016314800 Uncommon trap: trap_request=0xffffffde fr.pc=0x00000000027ea104
Event: 31.346 Thread 0x0000000016314800 DEOPT PACKING pc=0x00000000027ea104 sp=0x000000001698e690
Event: 31.346 Thread 0x0000000016314800 DEOPT UNPACKING pc=0x00000000020d582a sp=0x000000001698e638 mode 2
Event: 31.363 Thread 0x0000000016314800 Uncommon trap: trap_request=0xffffffde fr.pc=0x00000000027ea104
Event: 31.363 Thread 0x0000000016314800 DEOPT PACKING pc=0x00000000027ea104 sp=0x000000001698e570
Event: 31.363 Thread 0x0000000016314800 DEOPT UNPACKING pc=0x00000000020d582a sp=0x000000001698e518 mode 2
Event: 31.426 Thread 0x0000000001f90800 DEOPT PACKING pc=0x000000000256e87d sp=0x0000000001f8e450
Event: 31.426 Thread 0x0000000001f90800 DEOPT UNPACKING pc=0x00000000020d787f sp=0x0000000001f8e188 mode 0


Dynamic libraries:
0x00007ff62f410000 - 0x00007ff62f447000 	C:\Program Files\Java\jdk1.8.0_60\bin\java.exe
0x00007ffb5bb60000 - 0x00007ffb5bd21000 	C:\WINDOWS\SYSTEM32\ntdll.dll
0x00007ffb5b5c0000 - 0x00007ffb5b66d000 	C:\WINDOWS\system32\KERNEL32.DLL
0x00007ffb58e90000 - 0x00007ffb5906d000 	C:\WINDOWS\system32\KERNELBASE.dll
0x00007ffb59580000 - 0x00007ffb59626000 	C:\WINDOWS\system32\ADVAPI32.dll
0x00007ffb5b320000 - 0x00007ffb5b3bd000 	C:\WINDOWS\system32\msvcrt.dll
0x00007ffb5b9b0000 - 0x00007ffb5ba0b000 	C:\WINDOWS\system32\sechost.dll
0x00007ffb59690000 - 0x00007ffb597b6000 	C:\WINDOWS\system32\RPCRT4.dll
0x00007ffb5b020000 - 0x00007ffb5b16e000 	C:\WINDOWS\system32\USER32.dll
0x00007ffb5ad30000 - 0x00007ffb5aeb6000 	C:\WINDOWS\system32\GDI32.dll
0x00007ffb4d3a0000 - 0x00007ffb4d614000 	C:\WINDOWS\WinSxS\amd64_microsoft.windows.common-controls_6595b64144ccf1df_6.0.10240.16384_none_f41f7b285750ef43\COMCTL32.dll
0x00007ffb597c0000 - 0x00007ffb597f6000 	C:\WINDOWS\system32\IMM32.DLL
0x00007ffb5aec0000 - 0x00007ffb5b01c000 	C:\WINDOWS\system32\MSCTF.dll
0x0000000057500000 - 0x00000000575d2000 	C:\Program Files\Java\jdk1.8.0_60\jre\bin\msvcr100.dll
0x0000000057a60000 - 0x00000000582e9000 	C:\Program Files\Java\jdk1.8.0_60\jre\bin\server\jvm.dll
0x00007ffb5b5b0000 - 0x00007ffb5b5b8000 	C:\WINDOWS\system32\PSAPI.DLL
0x00007ffb53b70000 - 0x00007ffb53b79000 	C:\WINDOWS\SYSTEM32\WSOCK32.dll
0x00007ffb5ba10000 - 0x00007ffb5ba79000 	C:\WINDOWS\system32\WS2_32.dll
0x00007ffb59570000 - 0x00007ffb59578000 	C:\WINDOWS\system32\NSI.dll
0x00007ffb568f0000 - 0x00007ffb56913000 	C:\WINDOWS\SYSTEM32\WINMM.dll
0x00007ffb4c700000 - 0x00007ffb4c70a000 	C:\WINDOWS\SYSTEM32\VERSION.dll
0x00007ffb56710000 - 0x00007ffb5673c000 	C:\WINDOWS\SYSTEM32\WINMMBASE.dll
0x00007ffb59130000 - 0x00007ffb59174000 	C:\WINDOWS\system32\cfgmgr32.dll
0x00007ffb56f00000 - 0x00007ffb56f27000 	C:\WINDOWS\SYSTEM32\DEVOBJ.dll
0x0000000057970000 - 0x000000005797f000 	C:\Program Files\Java\jdk1.8.0_60\jre\bin\verify.dll
0x0000000057940000 - 0x0000000057969000 	C:\Program Files\Java\jdk1.8.0_60\jre\bin\java.dll
0x0000000057920000 - 0x0000000057936000 	C:\Program Files\Java\jdk1.8.0_60\jre\bin\zip.dll
0x00007ffb59800000 - 0x00007ffb5ad22000 	C:\WINDOWS\system32\SHELL32.dll
0x00007ffb58690000 - 0x00007ffb58cb8000 	C:\WINDOWS\system32\windows.storage.dll
0x00007ffb59230000 - 0x00007ffb594ac000 	C:\WINDOWS\system32\combase.dll
0x00007ffb5b3c0000 - 0x00007ffb5b411000 	C:\WINDOWS\system32\shlwapi.dll
0x00007ffb58620000 - 0x00007ffb5862f000 	C:\WINDOWS\system32\kernel.appcore.dll
0x00007ffb59070000 - 0x00007ffb59123000 	C:\WINDOWS\system32\shcore.dll
0x00007ffb58590000 - 0x00007ffb585da000 	C:\WINDOWS\system32\powrprof.dll
0x00007ffb585e0000 - 0x00007ffb585f3000 	C:\WINDOWS\system32\profapi.dll

VM Arguments:
jvm_args: -Xmx1024M -Dfile.encoding=windows-1252 -Duser.country=US -Duser.language=en -Duser.variant 
java_command: com.android.dx.command.Main --dex --num-threads=4 --output C:\Users\Elkana\Talya\Cellfish\Cellfish\app\build\intermediates\pre-dexed\release\classes-b214ff615988946575b802c55e036533b6fd5049.jar C:\Users\Elkana\Talya\Cellfish\Cellfish\app\build\intermediates\exploded-aar\com.android.support\appcompat-v7\23.0.1\jars\classes.jar
java_class_path (initial): C:\Users\Elkana\AppData\Local\Android\sdk\build-tools\23.0.1\lib\dx.jar
Launcher Type: SUN_STANDARD

Environment Variables:
PATH=C:\ProgramData\Oracle\Java\javapath;C:\Program Files (x86)\Intel\iCLS Client\;C:\Program Files\Intel\iCLS Client\;C:\WINDOWS\system32;C:\WINDOWS;C:\WINDOWS\System32\Wbem;C:\WINDOWS\System32\WindowsPowerShell\v1.0\;C:\Program Files\Intel\WiFi\bin\;C:\Program Files\Common Files\Intel\WirelessCommon\;C:\Program Files\Intel\Intel(R) Management Engine Components\DAL;C:\Program Files (x86)\Intel\Intel(R) Management Engine Components\DAL;C:\Program Files\Intel\Intel(R) Management Engine Components\IPT;C:\Program Files (x86)\Intel\Intel(R) Management Engine Components\IPT;C:\Anaconda;C:\Anaconda\Scripts;C:\Program Files\Intel\WiFi\bin\;C:\Program Files\Common Files\Intel\WirelessCommon\
USERNAME=Elkana
OS=Windows_NT
PROCESSOR_IDENTIFIER=Intel64 Family 6 Model 61 Stepping 4, GenuineIntel



---------------  S Y S T E M  ---------------

OS: Windows 10.0 , 64 bit Build 10240 (10.0.10240.16384)

CPU:total 4 (2 cores per cpu, 2 threads per core) family 6 model 61 stepping 4, cmov, cx8, fxsr, mmx, sse, sse2, sse3, ssse3, sse4.1, sse4.2, popcnt, avx, avx2, aes, clmul, erms, 3dnowpref, lzcnt, ht, tsc, tscinvbit, bmi1, bmi2, adx

Memory: 4k page, physical 8291096k(1861932k free), swap 10244888k(5368k free)

vm_info: Java HotSpot(TM) 64-Bit Server VM (25.60-b23) for windows-amd64 JRE (1.8.0_60-b27), built on Aug  4 2015 11:06:27 by "java_re" with MS VC++ 10.0 (VS2010)

time: Thu Nov 19 22:15:31 2015
elapsed time: 31 seconds (0d 0h 0m 31s)

